# JRE version: OpenJDK Runtime Environment (8.0_242-b01) (build 1.8.0_242-release-1644-b01)
# Java VM: OpenJDK 64-Bit Server VM (25.242-b01 mixed mode windows-amd64 compressed oops)
Heap:
 PSYoungGen      total 168960K, used 93699K [0x00000000e0000000, 0x00000000eeb80000, 0x0000000100000000)
  eden space 155648K, 60% used [0x00000000e0000000,0x00000000e5b80fd0,0x00000000e9800000)
  from space 13312K, 0% used [0x00000000ea500000,0x00000000ea500000,0x00000000eb200000)
  to   space 13312K, 0% used [0x00000000e9800000,0x00000000e9800000,0x00000000ea500000)
 ParOldGen       total 89600K, used 15335K [0x00000000a0000000, 0x00000000a5780000, 0x00000000e0000000)
  object space 89600K, 17% used [0x00000000a0000000,0x00000000a0ef9f58,0x00000000a5780000)
 Metaspace       used 42582K, capacity 43400K, committed 43824K, reserved 1087488K
  class space    used 5812K, capacity 6107K, committed 6192K, reserved 1048576K
GC Heap History (10 events):
Event: 1.481 GC heap before
{Heap before GC invocations=6 (full 1):
 PSYoungGen      total 70656K, used 5108K [0x00000000e0000000, 0x00000000e9600000, 0x0000000100000000)
  eden space 65536K, 0% used [0x00000000e0000000,0x00000000e0000000,0x00000000e4000000)
  from space 5120K, 99% used [0x00000000e4000000,0x00000000e44fd040,0x00000000e4500000)
  to   space 11264K, 0% used [0x00000000e8b00000,0x00000000e8b00000,0x00000000e9600000)
 ParOldGen       total 86016K, used 9933K [0x00000000a0000000, 0x00000000a5400000, 0x00000000e0000000)
  object space 86016K, 11% used [0x00000000a0000000,0x00000000a09b35a0,0x00000000a5400000)
 Metaspace       used 20787K, capacity 21216K, committed 21296K, reserved 1067008K
  class space    used 2912K, capacity 3082K, committed 3120K, reserved 1048576K
Event: 1.503 GC heap after
Heap after GC invocations=6 (full 1):
 PSYoungGen      total 70656K, used 0K [0x00000000e0000000, 0x00000000e9600000, 0x0000000100000000)
  eden space 65536K, 0% used [0x00000000e0000000,0x00000000e0000000,0x00000000e4000000)
  from space 5120K, 0% used [0x00000000e4000000,0x00000000e4000000,0x00000000e4500000)
  to   space 11264K, 0% used [0x00000000e8b00000,0x00000000e8b00000,0x00000000e9600000)
 ParOldGen       total 62976K, used 9850K [0x00000000a0000000, 0x00000000a3d80000, 0x00000000e0000000)
  object space 62976K, 15% used [0x00000000a0000000,0x00000000a099eb60,0x00000000a3d80000)
 Metaspace       used 20787K, capacity 21216K, committed 21296K, reserved 1067008K
  class space    used 2912K, capacity 3082K, committed 3120K, reserved 1048576K
}
Event: 1.938 GC heap before
{Heap before GC invocations=7 (full 1):
 PSYoungGen      total 70656K, used 65536K [0x00000000e0000000, 0x00000000e9600000, 0x0000000100000000)
  eden space 65536K, 100% used [0x00000000e0000000,0x00000000e4000000,0x00000000e4000000)
  from space 5120K, 0% used [0x00000000e4000000,0x00000000e4000000,0x00000000e4500000)
  to   space 11264K, 0% used [0x00000000e8b00000,0x00000000e8b00000,0x00000000e9600000)
 ParOldGen       total 62976K, used 9850K [0x00000000a0000000, 0x00000000a3d80000, 0x00000000e0000000)
  object space 62976K, 15% used [0x00000000a0000000,0x00000000a099eb60,0x00000000a3d80000)
 Metaspace       used 27165K, capacity 27638K, committed 27824K, reserved 1073152K
  class space    used 3731K, capacity 3897K, committed 4016K, reserved 1048576K
Event: 1.945 GC heap after
Heap after GC invocations=7 (full 1):
 PSYoungGen      total 109568K, used 7203K [0x00000000e0000000, 0x00000000e9280000, 0x0000000100000000)
  eden space 101888K, 0% used [0x00000000e0000000,0x00000000e0000000,0x00000000e6380000)
  from space 7680K, 93% used [0x00000000e8b00000,0x00000000e9208c40,0x00000000e9280000)
  to   space 10752K, 0% used [0x00000000e7d80000,0x00000000e7d80000,0x00000000e8800000)
 ParOldGen       total 62976K, used 9858K [0x00000000a0000000, 0x00000000a3d80000, 0x00000000e0000000)
  object space 62976K, 15% used [0x00000000a0000000,0x00000000a09a0b60,0x00000000a3d80000)
 Metaspace       used 27165K, capacity 27638K, committed 27824K, reserved 1073152K
  class space    used 3731K, capacity 3897K, committed 4016K, reserved 1048576K
}
Event: 2.751 GC heap before
{Heap before GC invocations=8 (full 1):
 PSYoungGen      total 109568K, used 109091K [0x00000000e0000000, 0x00000000e9280000, 0x0000000100000000)
  eden space 101888K, 100% used [0x00000000e0000000,0x00000000e6380000,0x00000000e6380000)
  from space 7680K, 93% used [0x00000000e8b00000,0x00000000e9208c40,0x00000000e9280000)
  to   space 10752K, 0% used [0x00000000e7d80000,0x00000000e7d80000,0x00000000e8800000)
 ParOldGen       total 62976K, used 9858K [0x00000000a0000000, 0x00000000a3d80000, 0x00000000e0000000)
  object space 62976K, 15% used [0x00000000a0000000,0x00000000a09a0b60,0x00000000a3d80000)
 Metaspace       used 34032K, capacity 34660K, committed 34736K, reserved 1079296K
  class space    used 4767K, capacity 5022K, committed 5040K, reserved 1048576K
Event: 2.760 GC heap after
Heap after GC invocations=8 (full 1):
 PSYoungGen      total 139264K, used 10723K [0x00000000e0000000, 0x00000000eb200000, 0x0000000100000000)
  eden space 128512K, 0% used [0x00000000e0000000,0x00000000e0000000,0x00000000e7d80000)
  from space 10752K, 99% used [0x00000000e7d80000,0x00000000e87f8c70,0x00000000e8800000)
  to   space 13312K, 0% used [0x00000000ea500000,0x00000000ea500000,0x00000000eb200000)
 ParOldGen       total 62976K, used 11974K [0x00000000a0000000, 0x00000000a3d80000, 0x00000000e0000000)
  object space 62976K, 19% used [0x00000000a0000000,0x00000000a0bb1978,0x00000000a3d80000)
 Metaspace       used 34032K, capacity 34660K, committed 34736K, reserved 1079296K
  class space    used 4767K, capacity 5022K, committed 5040K, reserved 1048576K
}
Event: 2.846 GC heap before
{Heap before GC invocations=9 (full 1):
 PSYoungGen      total 139264K, used 20006K [0x00000000e0000000, 0x00000000eb200000, 0x0000000100000000)
  eden space 128512K, 7% used [0x00000000e0000000,0x00000000e0910d70,0x00000000e7d80000)
  from space 10752K, 99% used [0x00000000e7d80000,0x00000000e87f8c70,0x00000000e8800000)
  to   space 13312K, 0% used [0x00000000ea500000,0x00000000ea500000,0x00000000eb200000)
 ParOldGen       total 62976K, used 11974K [0x00000000a0000000, 0x00000000a3d80000, 0x00000000e0000000)
  object space 62976K, 19% used [0x00000000a0000000,0x00000000a0bb1978,0x00000000a3d80000)
 Metaspace       used 34781K, capacity 35396K, committed 35496K, reserved 1079296K
  class space    used 4876K, capacity 5118K, committed 5168K, reserved 1048576K
Event: 2.852 GC heap after
Heap after GC invocations=9 (full 1):
 PSYoungGen      total 168960K, used 8553K [0x00000000e0000000, 0x00000000eeb80000, 0x0000000100000000)
  eden space 155648K, 0% used [0x00000000e0000000,0x00000000e0000000,0x00000000e9800000)
  from space 13312K, 64% used [0x00000000ea500000,0x00000000ead5a598,0x00000000eb200000)
  to   space 13312K, 0% used [0x00000000e9800000,0x00000000e9800000,0x00000000ea500000)
 ParOldGen       total 62976K, used 11974K [0x00000000a0000000, 0x00000000a3d80000, 0x00000000e0000000)
  object space 62976K, 19% used [0x00000000a0000000,0x00000000a0bb1978,0x00000000a3d80000)
 Metaspace       used 34781K, capacity 35396K, committed 35496K, reserved 1079296K
  class space    used 4876K, capacity 5118K, committed 5168K, reserved 1048576K
}
Event: 2.852 GC heap before
{Heap before GC invocations=10 (full 2):
 PSYoungGen      total 168960K, used 8553K [0x00000000e0000000, 0x00000000eeb80000, 0x0000000100000000)
  eden space 155648K, 0% used [0x00000000e0000000,0x00000000e0000000,0x00000000e9800000)
  from space 13312K, 64% used [0x00000000ea500000,0x00000000ead5a598,0x00000000eb200000)
  to   space 13312K, 0% used [0x00000000e9800000,0x00000000e9800000,0x00000000ea500000)
 ParOldGen       total 62976K, used 11974K [0x00000000a0000000, 0x00000000a3d80000, 0x00000000e0000000)
  object space 62976K, 19% used [0x00000000a0000000,0x00000000a0bb1978,0x00000000a3d80000)
 Metaspace       used 34781K, capacity 35396K, committed 35496K, reserved 1079296K
  class space    used 4876K, capacity 5118K, committed 5168K, reserved 1048576K
Event: 2.897 GC heap after
Heap after GC invocations=10 (full 2):
 PSYoungGen      total 168960K, used 0K [0x00000000e0000000, 0x00000000eeb80000, 0x0000000100000000)
  eden space 155648K, 0% used [0x00000000e0000000,0x00000000e0000000,0x00000000e9800000)
  from space 13312K, 0% used [0x00000000ea500000,0x00000000ea500000,0x00000000eb200000)
  to   space 13312K, 0% used [0x00000000e9800000,0x00000000e9800000,0x00000000ea500000)
 ParOldGen       total 89600K, used 15335K [0x00000000a0000000, 0x00000000a5780000, 0x00000000e0000000)
  object space 89600K, 17% used [0x00000000a0000000,0x00000000a0ef9f58,0x00000000a5780000)
 Metaspace       used 34781K, capacity 35396K, committed 35496K, reserved 1079296K
  class space    used 4876K, capacity 5118K, committed 5168K, reserved 1048576K
}

