# JRE version: OpenJDK Runtime Environment (8.0_242-b01) (build 1.8.0_242-release-1644-b01)
# Java VM: OpenJDK 64-Bit Server VM (25.242-b01 mixed mode windows-amd64 compressed oops)
Heap:
 PSYoungGen      total 70656K, used 7562K [0x00000000e0000000, 0x00000000e4a00000, 0x0000000100000000)
  eden space 65536K, 3% used [0x00000000e0000000,0x00000000e02638b8,0x00000000e4000000)
  from space 5120K, 99% used [0x00000000e4000000,0x00000000e44ff300,0x00000000e4500000)
  to   space 5120K, 0% used [0x00000000e4500000,0x00000000e4500000,0x00000000e4a00000)
 ParOldGen       total 64000K, used 21983K [0x00000000a0000000, 0x00000000a3e80000, 0x00000000e0000000)
  object space 64000K, 34% used [0x00000000a0000000,0x00000000a1577c80,0x00000000a3e80000)
 Metaspace       used 41426K, capacity 42142K, committed 42544K, reserved 1085440K
  class space    used 5619K, capacity 5883K, committed 5936K, reserved 1048576K
GC Heap History (10 events):
Event: 1.964 GC heap before
{Heap before GC invocations=7 (full 1):
 PSYoungGen      total 70656K, used 65536K [0x00000000e0000000, 0x00000000e4a00000, 0x0000000100000000)
  eden space 65536K, 100% used [0x00000000e0000000,0x00000000e4000000,0x00000000e4000000)
  from space 5120K, 0% used [0x00000000e4000000,0x00000000e4000000,0x00000000e4500000)
  to   space 5120K, 0% used [0x00000000e4500000,0x00000000e4500000,0x00000000e4a00000)
 ParOldGen       total 64000K, used 9845K [0x00000000a0000000, 0x00000000a3e80000, 0x00000000e0000000)
  object space 64000K, 15% used [0x00000000a0000000,0x00000000a099d6e0,0x00000000a3e80000)
 Metaspace       used 27180K, capacity 27670K, committed 27824K, reserved 1073152K
  class space    used 3735K, capacity 3929K, committed 4016K, reserved 1048576K
Event: 1.970 GC heap after
Heap after GC invocations=7 (full 1):
 PSYoungGen      total 70656K, used 5091K [0x00000000e0000000, 0x00000000e4a00000, 0x0000000100000000)
  eden space 65536K, 0% used [0x00000000e0000000,0x00000000e0000000,0x00000000e4000000)
  from space 5120K, 99% used [0x00000000e4500000,0x00000000e49f8d90,0x00000000e4a00000)
  to   space 5120K, 0% used [0x00000000e4000000,0x00000000e4000000,0x00000000e4500000)
 ParOldGen       total 64000K, used 11979K [0x00000000a0000000, 0x00000000a3e80000, 0x00000000e0000000)
  object space 64000K, 18% used [0x00000000a0000000,0x00000000a0bb2f50,0x00000000a3e80000)
 Metaspace       used 27180K, capacity 27670K, committed 27824K, reserved 1073152K
  class space    used 3735K, capacity 3929K, committed 4016K, reserved 1048576K
}
Event: 2.280 GC heap before
{Heap before GC invocations=8 (full 1):
 PSYoungGen      total 70656K, used 70627K [0x00000000e0000000, 0x00000000e4a00000, 0x0000000100000000)
  eden space 65536K, 100% used [0x00000000e0000000,0x00000000e4000000,0x00000000e4000000)
  from space 5120K, 99% used [0x00000000e4500000,0x00000000e49f8d90,0x00000000e4a00000)
  to   space 5120K, 0% used [0x00000000e4000000,0x00000000e4000000,0x00000000e4500000)
 ParOldGen       total 64000K, used 11979K [0x00000000a0000000, 0x00000000a3e80000, 0x00000000e0000000)
  object space 64000K, 18% used [0x00000000a0000000,0x00000000a0bb2f50,0x00000000a3e80000)
 Metaspace       used 30341K, capacity 30818K, committed 31152K, reserved 1075200K
  class space    used 4239K, capacity 4444K, committed 4528K, reserved 1048576K
Event: 2.285 GC heap after
Heap after GC invocations=8 (full 1):
 PSYoungGen      total 70656K, used 5104K [0x00000000e0000000, 0x00000000e4a00000, 0x0000000100000000)
  eden space 65536K, 0% used [0x00000000e0000000,0x00000000e0000000,0x00000000e4000000)
  from space 5120K, 99% used [0x00000000e4000000,0x00000000e44fc010,0x00000000e4500000)
  to   space 5120K, 0% used [0x00000000e4500000,0x00000000e4500000,0x00000000e4a00000)
 ParOldGen       total 64000K, used 15306K [0x00000000a0000000, 0x00000000a3e80000, 0x00000000e0000000)
  object space 64000K, 23% used [0x00000000a0000000,0x00000000a0ef28c8,0x00000000a3e80000)
 Metaspace       used 30341K, capacity 30818K, committed 31152K, reserved 1075200K
  class space    used 4239K, capacity 4444K, committed 4528K, reserved 1048576K
}
Event: 2.638 GC heap before
{Heap before GC invocations=9 (full 1):
 PSYoungGen      total 70656K, used 48556K [0x00000000e0000000, 0x00000000e4a00000, 0x0000000100000000)
  eden space 65536K, 66% used [0x00000000e0000000,0x00000000e2a6f3b0,0x00000000e4000000)
  from space 5120K, 99% used [0x00000000e4000000,0x00000000e44fc010,0x00000000e4500000)
  to   space 5120K, 0% used [0x00000000e4500000,0x00000000e4500000,0x00000000e4a00000)
 ParOldGen       total 64000K, used 15306K [0x00000000a0000000, 0x00000000a3e80000, 0x00000000e0000000)
  object space 64000K, 23% used [0x00000000a0000000,0x00000000a0ef28c8,0x00000000a3e80000)
 Metaspace       used 34787K, capacity 35396K, committed 35496K, reserved 1079296K
  class space    used 4879K, capacity 5118K, committed 5168K, reserved 1048576K
Event: 2.647 GC heap after
Heap after GC invocations=9 (full 1):
 PSYoungGen      total 70656K, used 5112K [0x00000000e0000000, 0x00000000e4a00000, 0x0000000100000000)
  eden space 65536K, 0% used [0x00000000e0000000,0x00000000e0000000,0x00000000e4000000)
  from space 5120K, 99% used [0x00000000e4500000,0x00000000e49fe318,0x00000000e4a00000)
  to   space 5120K, 0% used [0x00000000e4000000,0x00000000e4000000,0x00000000e4500000)
 ParOldGen       total 64000K, used 20505K [0x00000000a0000000, 0x00000000a3e80000, 0x00000000e0000000)
  object space 64000K, 32% used [0x00000000a0000000,0x00000000a1406640,0x00000000a3e80000)
 Metaspace       used 34787K, capacity 35396K, committed 35496K, reserved 1079296K
  class space    used 4879K, capacity 5118K, committed 5168K, reserved 1048576K
}
Event: 2.647 GC heap before
{Heap before GC invocations=10 (full 2):
 PSYoungGen      total 70656K, used 5112K [0x00000000e0000000, 0x00000000e4a00000, 0x0000000100000000)
  eden space 65536K, 0% used [0x00000000e0000000,0x00000000e0000000,0x00000000e4000000)
  from space 5120K, 99% used [0x00000000e4500000,0x00000000e49fe318,0x00000000e4a00000)
  to   space 5120K, 0% used [0x00000000e4000000,0x00000000e4000000,0x00000000e4500000)
 ParOldGen       total 64000K, used 20505K [0x00000000a0000000, 0x00000000a3e80000, 0x00000000e0000000)
  object space 64000K, 32% used [0x00000000a0000000,0x00000000a1406640,0x00000000a3e80000)
 Metaspace       used 34787K, capacity 35396K, committed 35496K, reserved 1079296K
  class space    used 4879K, capacity 5118K, committed 5168K, reserved 1048576K
Event: 2.689 GC heap after
Heap after GC invocations=10 (full 2):
 PSYoungGen      total 70656K, used 0K [0x00000000e0000000, 0x00000000e4a00000, 0x0000000100000000)
  eden space 65536K, 0% used [0x00000000e0000000,0x00000000e0000000,0x00000000e4000000)
  from space 5120K, 0% used [0x00000000e4500000,0x00000000e4500000,0x00000000e4a00000)
  to   space 5120K, 0% used [0x00000000e4000000,0x00000000e4000000,0x00000000e4500000)
 ParOldGen       total 64000K, used 17104K [0x00000000a0000000, 0x00000000a3e80000, 0x00000000e0000000)
  object space 64000K, 26% used [0x00000000a0000000,0x00000000a10b40d0,0x00000000a3e80000)
 Metaspace       used 34787K, capacity 35396K, committed 35496K, reserved 1079296K
  class space    used 4879K, capacity 5118K, committed 5168K, reserved 1048576K
}
Event: 3.120 GC heap before
{Heap before GC invocations=11 (full 2):
 PSYoungGen      total 70656K, used 65536K [0x00000000e0000000, 0x00000000e4a00000, 0x0000000100000000)
  eden space 65536K, 100% used [0x00000000e0000000,0x00000000e4000000,0x00000000e4000000)
  from space 5120K, 0% used [0x00000000e4500000,0x00000000e4500000,0x00000000e4a00000)
  to   space 5120K, 0% used [0x00000000e4000000,0x00000000e4000000,0x00000000e4500000)
 ParOldGen       total 64000K, used 17104K [0x00000000a0000000, 0x00000000a3e80000, 0x00000000e0000000)
  object space 64000K, 26% used [0x00000000a0000000,0x00000000a10b40d0,0x00000000a3e80000)
 Metaspace       used 41324K, capacity 41982K, committed 42288K, reserved 1085440K
  class space    used 5603K, capacity 5851K, committed 5936K, reserved 1048576K
Event: 3.126 GC heap after
Heap after GC invocations=11 (full 2):
 PSYoungGen      total 70656K, used 5116K [0x00000000e0000000, 0x00000000e4a00000, 0x0000000100000000)
  eden space 65536K, 0% used [0x00000000e0000000,0x00000000e0000000,0x00000000e4000000)
  from space 5120K, 99% used [0x00000000e4000000,0x00000000e44ff300,0x00000000e4500000)
  to   space 5120K, 0% used [0x00000000e4500000,0x00000000e4500000,0x00000000e4a00000)
 ParOldGen       total 64000K, used 21983K [0x00000000a0000000, 0x00000000a3e80000, 0x00000000e0000000)
  object space 64000K, 34% used [0x00000000a0000000,0x00000000a1577c80,0x00000000a3e80000)
 Metaspace       used 41324K, capacity 41982K, committed 42288K, reserved 1085440K
  class space    used 5603K, capacity 5851K, committed 5936K, reserved 1048576K
}

