# JRE version: OpenJDK Runtime Environment (8.0_242-b01) (build 1.8.0_242-release-1644-b01)
# Java VM: OpenJDK 64-Bit Server VM (25.242-b01 mixed mode windows-amd64 compressed oops)
Heap:
 PSYoungGen      total 172032K, used 14045K [0x00000000e0000000, 0x00000000ef580000, 0x0000000100000000)
  eden space 158720K, 8% used [0x00000000e0000000,0x00000000e0db7520,0x00000000e9b00000)
  from space 13312K, 0% used [0x00000000ea800000,0x00000000ea800000,0x00000000eb500000)
  to   space 13312K, 0% used [0x00000000e9b00000,0x00000000e9b00000,0x00000000ea800000)
 ParOldGen       total 62464K, used 15254K [0x00000000a0000000, 0x00000000a3d00000, 0x00000000e0000000)
  object space 62464K, 24% used [0x00000000a0000000,0x00000000a0ee5868,0x00000000a3d00000)
 Metaspace       used 36859K, capacity 37496K, committed 37680K, reserved 1081344K
  class space    used 5075K, capacity 5326K, committed 5424K, reserved 1048576K
GC Heap History (10 events):
Event: 1.508 GC heap before
{Heap before GC invocations=6 (full 1):
 PSYoungGen      total 70656K, used 5108K [0x00000000e0000000, 0x00000000e9600000, 0x0000000100000000)
  eden space 65536K, 0% used [0x00000000e0000000,0x00000000e0000000,0x00000000e4000000)
  from space 5120K, 99% used [0x00000000e4000000,0x00000000e44fd060,0x00000000e4500000)
  to   space 11264K, 0% used [0x00000000e8b00000,0x00000000e8b00000,0x00000000e9600000)
 ParOldGen       total 86016K, used 9887K [0x00000000a0000000, 0x00000000a5400000, 0x00000000e0000000)
  object space 86016K, 11% used [0x00000000a0000000,0x00000000a09a7de8,0x00000000a5400000)
 Metaspace       used 20780K, capacity 21216K, committed 21296K, reserved 1067008K
  class space    used 2907K, capacity 3082K, committed 3120K, reserved 1048576K
Event: 1.530 GC heap after
Heap after GC invocations=6 (full 1):
 PSYoungGen      total 70656K, used 0K [0x00000000e0000000, 0x00000000e9600000, 0x0000000100000000)
  eden space 65536K, 0% used [0x00000000e0000000,0x00000000e0000000,0x00000000e4000000)
  from space 5120K, 0% used [0x00000000e4000000,0x00000000e4000000,0x00000000e4500000)
  to   space 11264K, 0% used [0x00000000e8b00000,0x00000000e8b00000,0x00000000e9600000)
 ParOldGen       total 62464K, used 9848K [0x00000000a0000000, 0x00000000a3d00000, 0x00000000e0000000)
  object space 62464K, 15% used [0x00000000a0000000,0x00000000a099e260,0x00000000a3d00000)
 Metaspace       used 20780K, capacity 21216K, committed 21296K, reserved 1067008K
  class space    used 2907K, capacity 3082K, committed 3120K, reserved 1048576K
}
Event: 1.969 GC heap before
{Heap before GC invocations=7 (full 1):
 PSYoungGen      total 70656K, used 65536K [0x00000000e0000000, 0x00000000e9600000, 0x0000000100000000)
  eden space 65536K, 100% used [0x00000000e0000000,0x00000000e4000000,0x00000000e4000000)
  from space 5120K, 0% used [0x00000000e4000000,0x00000000e4000000,0x00000000e4500000)
  to   space 11264K, 0% used [0x00000000e8b00000,0x00000000e8b00000,0x00000000e9600000)
 ParOldGen       total 62464K, used 9848K [0x00000000a0000000, 0x00000000a3d00000, 0x00000000e0000000)
  object space 62464K, 15% used [0x00000000a0000000,0x00000000a099e260,0x00000000a3d00000)
 Metaspace       used 27159K, capacity 27574K, committed 27824K, reserved 1073152K
  class space    used 3725K, capacity 3897K, committed 4016K, reserved 1048576K
Event: 1.976 GC heap after
Heap after GC invocations=7 (full 1):
 PSYoungGen      total 109568K, used 7272K [0x00000000e0000000, 0x00000000e9280000, 0x0000000100000000)
  eden space 101888K, 0% used [0x00000000e0000000,0x00000000e0000000,0x00000000e6380000)
  from space 7680K, 94% used [0x00000000e8b00000,0x00000000e921a0b8,0x00000000e9280000)
  to   space 10752K, 0% used [0x00000000e7d80000,0x00000000e7d80000,0x00000000e8800000)
 ParOldGen       total 62464K, used 9856K [0x00000000a0000000, 0x00000000a3d00000, 0x00000000e0000000)
  object space 62464K, 15% used [0x00000000a0000000,0x00000000a09a0260,0x00000000a3d00000)
 Metaspace       used 27159K, capacity 27574K, committed 27824K, reserved 1073152K
  class space    used 3725K, capacity 3897K, committed 4016K, reserved 1048576K
}
Event: 2.605 GC heap before
{Heap before GC invocations=8 (full 1):
 PSYoungGen      total 109568K, used 109160K [0x00000000e0000000, 0x00000000e9280000, 0x0000000100000000)
  eden space 101888K, 100% used [0x00000000e0000000,0x00000000e6380000,0x00000000e6380000)
  from space 7680K, 94% used [0x00000000e8b00000,0x00000000e921a0b8,0x00000000e9280000)
  to   space 10752K, 0% used [0x00000000e7d80000,0x00000000e7d80000,0x00000000e8800000)
 ParOldGen       total 62464K, used 9856K [0x00000000a0000000, 0x00000000a3d00000, 0x00000000e0000000)
  object space 62464K, 15% used [0x00000000a0000000,0x00000000a09a0260,0x00000000a3d00000)
 Metaspace       used 34118K, capacity 34724K, committed 34992K, reserved 1079296K
  class space    used 4772K, capacity 5022K, committed 5040K, reserved 1048576K
Event: 2.617 GC heap after
Heap after GC invocations=8 (full 1):
 PSYoungGen      total 139264K, used 10747K [0x00000000e0000000, 0x00000000eb500000, 0x0000000100000000)
  eden space 128512K, 0% used [0x00000000e0000000,0x00000000e0000000,0x00000000e7d80000)
  from space 10752K, 99% used [0x00000000e7d80000,0x00000000e87fed00,0x00000000e8800000)
  to   space 13312K, 0% used [0x00000000ea800000,0x00000000ea800000,0x00000000eb500000)
 ParOldGen       total 62464K, used 12018K [0x00000000a0000000, 0x00000000a3d00000, 0x00000000e0000000)
  object space 62464K, 19% used [0x00000000a0000000,0x00000000a0bbc930,0x00000000a3d00000)
 Metaspace       used 34118K, capacity 34724K, committed 34992K, reserved 1079296K
  class space    used 4772K, capacity 5022K, committed 5040K, reserved 1048576K
}
Event: 2.662 GC heap before
{Heap before GC invocations=9 (full 1):
 PSYoungGen      total 139264K, used 18190K [0x00000000e0000000, 0x00000000eb500000, 0x0000000100000000)
  eden space 128512K, 5% used [0x00000000e0000000,0x00000000e0744e50,0x00000000e7d80000)
  from space 10752K, 99% used [0x00000000e7d80000,0x00000000e87fed00,0x00000000e8800000)
  to   space 13312K, 0% used [0x00000000ea800000,0x00000000ea800000,0x00000000eb500000)
 ParOldGen       total 62464K, used 12018K [0x00000000a0000000, 0x00000000a3d00000, 0x00000000e0000000)
  object space 62464K, 19% used [0x00000000a0000000,0x00000000a0bbc930,0x00000000a3d00000)
 Metaspace       used 34770K, capacity 35396K, committed 35496K, reserved 1079296K
  class space    used 4870K, capacity 5118K, committed 5168K, reserved 1048576K
Event: 2.668 GC heap after
Heap after GC invocations=9 (full 1):
 PSYoungGen      total 172032K, used 8405K [0x00000000e0000000, 0x00000000ef580000, 0x0000000100000000)
  eden space 158720K, 0% used [0x00000000e0000000,0x00000000e0000000,0x00000000e9b00000)
  from space 13312K, 63% used [0x00000000ea800000,0x00000000eb0356c0,0x00000000eb500000)
  to   space 13312K, 0% used [0x00000000e9b00000,0x00000000e9b00000,0x00000000ea800000)
 ParOldGen       total 62464K, used 12026K [0x00000000a0000000, 0x00000000a3d00000, 0x00000000e0000000)
  object space 62464K, 19% used [0x00000000a0000000,0x00000000a0bbe930,0x00000000a3d00000)
 Metaspace       used 34770K, capacity 35396K, committed 35496K, reserved 1079296K
  class space    used 4870K, capacity 5118K, committed 5168K, reserved 1048576K
}
Event: 2.668 GC heap before
{Heap before GC invocations=10 (full 2):
 PSYoungGen      total 172032K, used 8405K [0x00000000e0000000, 0x00000000ef580000, 0x0000000100000000)
  eden space 158720K, 0% used [0x00000000e0000000,0x00000000e0000000,0x00000000e9b00000)
  from space 13312K, 63% used [0x00000000ea800000,0x00000000eb0356c0,0x00000000eb500000)
  to   space 13312K, 0% used [0x00000000e9b00000,0x00000000e9b00000,0x00000000ea800000)
 ParOldGen       total 62464K, used 12026K [0x00000000a0000000, 0x00000000a3d00000, 0x00000000e0000000)
  object space 62464K, 19% used [0x00000000a0000000,0x00000000a0bbe930,0x00000000a3d00000)
 Metaspace       used 34770K, capacity 35396K, committed 35496K, reserved 1079296K
  class space    used 4870K, capacity 5118K, committed 5168K, reserved 1048576K
Event: 2.710 GC heap after
Heap after GC invocations=10 (full 2):
 PSYoungGen      total 172032K, used 0K [0x00000000e0000000, 0x00000000ef580000, 0x0000000100000000)
  eden space 158720K, 0% used [0x00000000e0000000,0x00000000e0000000,0x00000000e9b00000)
  from space 13312K, 0% used [0x00000000ea800000,0x00000000ea800000,0x00000000eb500000)
  to   space 13312K, 0% used [0x00000000e9b00000,0x00000000e9b00000,0x00000000ea800000)
 ParOldGen       total 62464K, used 15254K [0x00000000a0000000, 0x00000000a3d00000, 0x00000000e0000000)
  object space 62464K, 24% used [0x00000000a0000000,0x00000000a0ee5868,0x00000000a3d00000)
 Metaspace       used 34770K, capacity 35396K, committed 35496K, reserved 1079296K
  class space    used 4870K, capacity 5118K, committed 5168K, reserved 1048576K
}

